{"E:\\bootcamp\\svg_generator\\lib\\circle.js": {"path":"E:\\bootcamp\\svg_generator\\lib\\circle.js","statementMap":{"0":{"start":{"line":11,"column":8},"end":{"line":11,"column":56}},"1":{"start":{"line":17,"column":15},"end":{"line":17,"column":91}}},"fnMap":{"0":{"name":"(anonymous_0)","decl":{"start":{"line":9,"column":7},"end":{"line":9,"column":8}},"loc":{"start":{"line":9,"column":61},"end":{"line":13,"column":8}},"line":9},"1":{"name":"(anonymous_1)","decl":{"start":{"line":15,"column":7},"end":{"line":15,"column":8}},"loc":{"start":{"line":15,"column":16},"end":{"line":18,"column":8}},"line":15}},"branchMap":{},"s":{"0":1,"1":1},"f":{"0":1,"1":1},"b":{},"_coverageSchema":"1a1c01bbd47fc00a2c39e90264f33305004495a9","hash":"33f4c3a8ff083aefa215dbe5f16c0f94152d0e4a"}
,"E:\\bootcamp\\svg_generator\\lib\\shape.js": {"path":"E:\\bootcamp\\svg_generator\\lib\\shape.js","statementMap":{"0":{"start":{"line":8,"column":12},"end":{"line":8,"column":107}},"1":{"start":{"line":10,"column":12},"end":{"line":10,"column":32}},"2":{"start":{"line":12,"column":12},"end":{"line":12,"column":45}},"3":{"start":{"line":14,"column":12},"end":{"line":14,"column":44}},"4":{"start":{"line":16,"column":12},"end":{"line":16,"column":146}},"5":{"start":{"line":18,"column":12},"end":{"line":18,"column":45}}},"fnMap":{"0":{"name":"(anonymous_0)","decl":{"start":{"line":6,"column":11},"end":{"line":6,"column":12}},"loc":{"start":{"line":6,"column":65},"end":{"line":20,"column":12}},"line":6}},"branchMap":{},"s":{"0":4,"1":4,"2":4,"3":4,"4":4,"5":4},"f":{"0":4},"b":{},"_coverageSchema":"1a1c01bbd47fc00a2c39e90264f33305004495a9","hash":"1820dcde5f18b10d6d51fdc9c1429549af7dca0d"}
,"E:\\bootcamp\\svg_generator\\lib\\square.js": {"path":"E:\\bootcamp\\svg_generator\\lib\\square.js","statementMap":{"0":{"start":{"line":9,"column":8},"end":{"line":9,"column":56}},"1":{"start":{"line":15,"column":14},"end":{"line":15,"column":109}}},"fnMap":{"0":{"name":"(anonymous_0)","decl":{"start":{"line":7,"column":7},"end":{"line":7,"column":8}},"loc":{"start":{"line":7,"column":60},"end":{"line":11,"column":17}},"line":7},"1":{"name":"(anonymous_1)","decl":{"start":{"line":13,"column":7},"end":{"line":13,"column":8}},"loc":{"start":{"line":13,"column":16},"end":{"line":16,"column":7}},"line":13}},"branchMap":{},"s":{"0":1,"1":1},"f":{"0":1,"1":1},"b":{},"_coverageSchema":"1a1c01bbd47fc00a2c39e90264f33305004495a9","hash":"d83740673fd2d8e05ce1cd408be776e930c5936e"}
,"E:\\bootcamp\\svg_generator\\lib\\triangle.js": {"path":"E:\\bootcamp\\svg_generator\\lib\\triangle.js","statementMap":{"0":{"start":{"line":9,"column":8},"end":{"line":9,"column":56}},"1":{"start":{"line":15,"column":14},"end":{"line":15,"column":97}}},"fnMap":{"0":{"name":"(anonymous_0)","decl":{"start":{"line":7,"column":7},"end":{"line":7,"column":8}},"loc":{"start":{"line":7,"column":60},"end":{"line":11,"column":10}},"line":7},"1":{"name":"(anonymous_1)","decl":{"start":{"line":13,"column":9},"end":{"line":13,"column":10}},"loc":{"start":{"line":13,"column":18},"end":{"line":16,"column":7}},"line":13}},"branchMap":{},"s":{"0":1,"1":1},"f":{"0":1,"1":1},"b":{},"_coverageSchema":"1a1c01bbd47fc00a2c39e90264f33305004495a9","hash":"e43d82d9e1fd5e6dec9c78b530f62755b46fdfe6"}
}
