{"E:\\bootcamp\\svg_generator\\lib\\circle.js": {"path":"E:\\bootcamp\\svg_generator\\lib\\circle.js","statementMap":{"0":{"start":{"line":7,"column":8},"end":{"line":7,"column":56}},"1":{"start":{"line":8,"column":12},"end":{"line":8,"column":94}},"2":{"start":{"line":13,"column":15},"end":{"line":13,"column":91}},"3":{"start":{"line":22,"column":15},"end":{"line":22,"column":50}},"4":{"start":{"line":23,"column":0},"end":{"line":23,"column":28}},"5":{"start":{"line":24,"column":0},"end":{"line":24,"column":32}},"6":{"start":{"line":25,"column":0},"end":{"line":25,"column":34}},"7":{"start":{"line":26,"column":0},"end":{"line":26,"column":31}}},"fnMap":{"0":{"name":"(anonymous_0)","decl":{"start":{"line":6,"column":7},"end":{"line":6,"column":8}},"loc":{"start":{"line":6,"column":61},"end":{"line":9,"column":8}},"line":6},"1":{"name":"(anonymous_1)","decl":{"start":{"line":11,"column":7},"end":{"line":11,"column":8}},"loc":{"start":{"line":11,"column":16},"end":{"line":14,"column":8}},"line":11}},"branchMap":{},"s":{"0":2,"1":2,"2":2,"3":1,"4":1,"5":1,"6":1,"7":1},"f":{"0":2,"1":2},"b":{},"_coverageSchema":"1a1c01bbd47fc00a2c39e90264f33305004495a9","hash":"7c986ef8b3782a068926bfa184d42a004ee753ed"}
,"E:\\bootcamp\\svg_generator\\lib\\shape.js": {"path":"E:\\bootcamp\\svg_generator\\lib\\shape.js","statementMap":{"0":{"start":{"line":3,"column":12},"end":{"line":3,"column":107}},"1":{"start":{"line":4,"column":12},"end":{"line":4,"column":32}},"2":{"start":{"line":5,"column":12},"end":{"line":5,"column":45}},"3":{"start":{"line":6,"column":12},"end":{"line":6,"column":44}},"4":{"start":{"line":7,"column":12},"end":{"line":7,"column":146}},"5":{"start":{"line":8,"column":12},"end":{"line":8,"column":45}}},"fnMap":{"0":{"name":"(anonymous_0)","decl":{"start":{"line":2,"column":11},"end":{"line":2,"column":12}},"loc":{"start":{"line":2,"column":65},"end":{"line":10,"column":12}},"line":2}},"branchMap":{},"s":{"0":4,"1":4,"2":4,"3":4,"4":4,"5":4},"f":{"0":4},"b":{},"_coverageSchema":"1a1c01bbd47fc00a2c39e90264f33305004495a9","hash":"5bdf647b40125f444a119403a99aaa346887756c"}
,"E:\\bootcamp\\svg_generator\\lib\\square.js": {"path":"E:\\bootcamp\\svg_generator\\lib\\square.js","statementMap":{"0":{"start":{"line":7,"column":8},"end":{"line":7,"column":56}},"1":{"start":{"line":8,"column":15},"end":{"line":8,"column":120}},"2":{"start":{"line":13,"column":14},"end":{"line":13,"column":109}}},"fnMap":{"0":{"name":"(anonymous_0)","decl":{"start":{"line":6,"column":7},"end":{"line":6,"column":8}},"loc":{"start":{"line":6,"column":60},"end":{"line":9,"column":17}},"line":6},"1":{"name":"(anonymous_1)","decl":{"start":{"line":11,"column":7},"end":{"line":11,"column":8}},"loc":{"start":{"line":11,"column":16},"end":{"line":14,"column":7}},"line":11}},"branchMap":{},"s":{"0":1,"1":1,"2":1},"f":{"0":1,"1":1},"b":{},"_coverageSchema":"1a1c01bbd47fc00a2c39e90264f33305004495a9","hash":"78a994729e100062d72032fe82f10f11b83f4f73"}
,"E:\\bootcamp\\svg_generator\\lib\\subtract.js": {"path":"E:\\bootcamp\\svg_generator\\lib\\subtract.js","statementMap":{"0":{"start":{"line":2,"column":4},"end":{"line":2,"column":17}}},"fnMap":{"0":{"name":"subtract","decl":{"start":{"line":1,"column":16},"end":{"line":1,"column":24}},"loc":{"start":{"line":1,"column":31},"end":{"line":3,"column":1}},"line":1}},"branchMap":{},"s":{"0":1},"f":{"0":1},"b":{},"_coverageSchema":"1a1c01bbd47fc00a2c39e90264f33305004495a9","hash":"ecefa5bf4b94cb9d30bf7c0ac1d46afb92d8445e"}
,"E:\\bootcamp\\svg_generator\\lib\\triangle.js": {"path":"E:\\bootcamp\\svg_generator\\lib\\triangle.js","statementMap":{"0":{"start":{"line":7,"column":8},"end":{"line":7,"column":56}},"1":{"start":{"line":8,"column":9},"end":{"line":8,"column":104}},"2":{"start":{"line":13,"column":14},"end":{"line":13,"column":97}}},"fnMap":{"0":{"name":"(anonymous_0)","decl":{"start":{"line":6,"column":7},"end":{"line":6,"column":8}},"loc":{"start":{"line":6,"column":60},"end":{"line":9,"column":10}},"line":6},"1":{"name":"(anonymous_1)","decl":{"start":{"line":11,"column":9},"end":{"line":11,"column":10}},"loc":{"start":{"line":11,"column":18},"end":{"line":14,"column":7}},"line":11}},"branchMap":{},"s":{"0":1,"1":1,"2":1},"f":{"0":1,"1":1},"b":{},"_coverageSchema":"1a1c01bbd47fc00a2c39e90264f33305004495a9","hash":"36cd5adfe5a49316ed69802d2d22767cb6b812ad"}
}
